#
# A fatal error has been detected by the Java Runtime Environment:
#
#  SIGSEGV (0xb) at pc=0x00007fff83886732, pid=8628, tid=25091
#
# JRE version: Java(TM) SE Runtime Environment (7.0_51-b13) (build 1.7.0_51-b13)
# Java VM: Java HotSpot(TM) 64-Bit Server VM (24.51-b03 mixed mode bsd-amd64 compressed oops)
# Problematic frame:
# C  [libsystem_c.dylib+0x1732]  strlen+0x12
#
# Failed to write core dump. Core dumps have been disabled. To enable core dumping, try "ulimit -c unlimited" before starting Java again
#
# If you would like to submit a bug report, please visit:
#   http://bugreport.sun.com/bugreport/crash.jsp
# The crash happened outside the Java Virtual Machine in native code.
# See problematic frame for where to report the bug.
#

---------------  T H R E A D  ---------------

Current thread (0x00007fa8b2264000):  JavaThread "Thread-1" [_thread_in_native, id=25091, stack(0x000000011ca9c000,0x000000011cb9c000)]

siginfo:si_signo=SIGSEGV: si_errno=0, si_code=1 (SEGV_MAPERR), si_addr=0x0000000000000000

Registers:
RAX=0x0000000000000000, RBX=0x0000000000000000, RCX=0x0000000000000000, RDX=0x0000000000000000
RSP=0x000000011cb9b140, RBP=0x000000011cb9b140, RSI=0x0000000000000000, RDI=0x0000000000000000
R8 =0x00007fa8b07354b0, R9 =0x00000007d5f3efe0, R10=0x00007fff8e2a7fe8, R11=0x00007fff83886720
R12=0x000000011cb9b650, R13=0x0000000000000000, R14=0x00007fa8b0735360, R15=0x0000000000000400
RIP=0x00007fff83886732, EFLAGS=0x0000000000010246, ERR=0x0000000000000004
  TRAPNO=0x000000000000000e

Top of Stack: (sp=0x000000011cb9b140)
0x000000011cb9b140:   000000011cb9b630 000000011c800d65
0x000000011cb9b150:   000000011cb9b150 0000000000000000
0x000000011cb9b160:   000000011cb9b1b8 00007fa8b07354b0
0x000000011cb9b170:   0000000000000000 000000000000000e
0x000000011cb9b180:   ffffffffffffffff fffffff0ffffffff
0x000000011cb9b190:   0000000110ff6e30 0000000000000000
0x000000011cb9b1a0:   000000010f5e5e00 000000011cb9b090
0x000000011cb9b1b0:   ff80000000001002 000000000000000e
0x000000011cb9b1c0:   ffffffffffffffff fffffff0ffffffff
0x000000011cb9b1d0:   0000000110ff6e30 0000000000000000
0x000000011cb9b1e0:   000000010f5e5e00 000000011cb9b090
0x000000011cb9b1f0:   ff80000000001002 000000000000000e
0x000000011cb9b200:   ffffffffffffffff fffffff8ffffffff
0x000000011cb9b210:   0000000110ff6e30 0000000000000000
0x000000011cb9b220:   000000010f5e5e00 000000011cb9b090
0x000000011cb9b230:   ff80000000001002 000000000000000e
0x000000011cb9b240:   ffffffffffffffff fffffff8ffffffff
0x000000011cb9b250:   0000000110ff6e30 0000000000000000
0x000000011cb9b260:   000000010f5e5e00 000000011cb9b090
0x000000011cb9b270:   ff80000000001002 0000000000000002
0x000000011cb9b280:   00007fa8b2264000 000000011128345f
0x000000011cb9b290:   000000000000000b 00007fa8b0736428
0x000000011cb9b2a0:   000000011cb9b2d0 0000000110c8a59b
0x000000011cb9b2b0:   000000011cb9b300 00000001109a5688
0x000000011cb9b2c0:   000000011cb9b300 00000000ffffffff
0x000000011cb9b2d0:   000000011cb9b340 000000011cb9b340
0x000000011cb9b2e0:   000000011cb9b480 000000011cb9b5f0
0x000000011cb9b2f0:   0000000111291cd8 00007fa8b0423230
0x000000011cb9b300:   000000011cb9b330 00000001108bf583
0x000000011cb9b310:   000000011cb9b5f0 0000000110a9922d
0x000000011cb9b320:   000000011cb9b5f0 000000011cb9b5f0
0x000000011cb9b330:   000000011cb9b400 0000000110acec1b 

Instructions: (pc=0x00007fff83886732)
0x00007fff83886712:   0e 01 f3 0f 7f 44 0f 01 5d c3 90 90 90 90 55 48
0x00007fff83886722:   89 e5 48 89 f9 48 89 fa 48 83 e7 f0 66 0f ef c0
0x00007fff83886732:   66 0f 74 07 66 0f d7 f0 48 83 e1 0f 48 83 c8 ff
0x00007fff83886742:   48 d3 e0 21 c6 74 17 0f bc c6 48 29 d7 48 01 f8 

Register to memory mapping:

RAX=0x0000000000000000 is an unknown value
RBX=0x0000000000000000 is an unknown value
RCX=0x0000000000000000 is an unknown value
RDX=0x0000000000000000 is an unknown value
RSP=0x000000011cb9b140 is pointing into the stack for thread: 0x00007fa8b2264000
RBP=0x000000011cb9b140 is pointing into the stack for thread: 0x00007fa8b2264000
RSI=0x0000000000000000 is an unknown value
RDI=0x0000000000000000 is an unknown value
R8 =0x00007fa8b07354b0 is an unknown value
R9 =0x00000007d5f3efe0 is an oop
org.hyperic.sigar.Sigar 
 - klass: 'org/hyperic/sigar/Sigar'
R10=0x00007fff8e2a7fe8: CocoaVersionNumber+0x2c7fff0 in /System/Library/Frameworks/Cocoa.framework/Versions/A/Cocoa at 0x00007fff8b627000
R11=0x00007fff83886720: strlen+0 in /usr/lib/system/libsystem_c.dylib at 0x00007fff83885000
R12=0x000000011cb9b650 is pointing into the stack for thread: 0x00007fa8b2264000
R13=0x0000000000000000 is an unknown value
R14=0x00007fa8b0735360 is an unknown value
R15=0x0000000000000400 is an unknown value


Stack: [0x000000011ca9c000,0x000000011cb9c000],  sp=0x000000011cb9b140,  free space=1020k
Native frames: (J=compiled Java code, j=interpreted, Vv=VM code, C=native code)
C  [libsystem_c.dylib+0x1732]  strlen+0x12
C  [libsigar-universal64-macosx.dylib+0x12d65]  dir_stat_get+0x35
C  [libsigar-universal64-macosx.dylib+0x6bc4]  Java_org_hyperic_sigar_DirUsage_gather+0x74
j  org.hyperic.sigar.DirUsage.gather(Lorg/hyperic/sigar/Sigar;Ljava/lang/String;)V+0
j  org.hyperic.sigar.DirUsage.fetch(Lorg/hyperic/sigar/Sigar;Ljava/lang/String;)Lorg/hyperic/sigar/DirUsage;+11
j  org.hyperic.sigar.Sigar.getDirUsage(Ljava/lang/String;)Lorg/hyperic/sigar/DirUsage;+2
j  voldemort.headmaster.sigar.LocalNodeStatus.getDiskUsage()Ljava/lang/Double;+12
j  voldemort.headmaster.sigar.SigarAgent.monitorHDD()V+5
j  voldemort.headmaster.sigar.SigarAgent.monitor()V+17
j  voldemort.headmaster.sigar.SigarAgent.run()V+34
j  java.lang.Thread.run()V+11
v  ~StubRoutines::call_stub
V  [libjvm.dylib+0x2d6bb0]  JavaCalls::call_helper(JavaValue*, methodHandle*, JavaCallArguments*, Thread*)+0x22a
V  [libjvm.dylib+0x2d70c7]  JavaCalls::call_virtual(JavaValue*, KlassHandle, Symbol*, Symbol*, JavaCallArguments*, Thread*)+0x11b
V  [libjvm.dylib+0x2d7204]  JavaCalls::call_virtual(JavaValue*, Handle, KlassHandle, Symbol*, Symbol*, Thread*)+0x4a
V  [libjvm.dylib+0x3261ea]  thread_entry(JavaThread*, Thread*)+0xad
V  [libjvm.dylib+0x4efb57]  JavaThread::thread_main_inner()+0x9b
V  [libjvm.dylib+0x4f125f]  JavaThread::run()+0x1a3
V  [libjvm.dylib+0x41b1d6]  java_start(Thread*)+0x126
C  [libsystem_pthread.dylib+0x1899]  _pthread_body+0x8a
C  [libsystem_pthread.dylib+0x172a]  _pthread_struct_init+0x0
C  [libsystem_pthread.dylib+0x5fc9]  thread_start+0xd

Java frames: (J=compiled Java code, j=interpreted, Vv=VM code)
j  org.hyperic.sigar.DirUsage.gather(Lorg/hyperic/sigar/Sigar;Ljava/lang/String;)V+0
j  org.hyperic.sigar.DirUsage.fetch(Lorg/hyperic/sigar/Sigar;Ljava/lang/String;)Lorg/hyperic/sigar/DirUsage;+11
j  org.hyperic.sigar.Sigar.getDirUsage(Ljava/lang/String;)Lorg/hyperic/sigar/DirUsage;+2
j  voldemort.headmaster.sigar.LocalNodeStatus.getDiskUsage()Ljava/lang/Double;+12
j  voldemort.headmaster.sigar.SigarAgent.monitorHDD()V+5
j  voldemort.headmaster.sigar.SigarAgent.monitor()V+17
j  voldemort.headmaster.sigar.SigarAgent.run()V+34
j  java.lang.Thread.run()V+11
v  ~StubRoutines::call_stub

---------------  P R O C E S S  ---------------

Java Threads: ( => current thread )
=>0x00007fa8b2264000 JavaThread "Thread-1" [_thread_in_native, id=25091, stack(0x000000011ca9c000,0x000000011cb9c000)]
  0x00007fa8b20b7800 JavaThread "main-EventThread" daemon [_thread_blocked, id=24579, stack(0x000000011c999000,0x000000011ca99000)]
  0x00007fa8b20ba800 JavaThread "main-SendThread(voldemort1.idi.ntnu.no:2181)" daemon [_thread_in_native, id=24067, stack(0x000000011c896000,0x000000011c996000)]
  0x00007fa8b0823000 JavaThread "RMI TCP Accept-0" daemon [_thread_in_native, id=23047, stack(0x000000011c57e000,0x000000011c67e000)]
  0x00007fa8b2800000 JavaThread "Service Thread" daemon [_thread_blocked, id=21251, stack(0x000000011bfd3000,0x000000011c0d3000)]
  0x00007fa8b202b000 JavaThread "C2 CompilerThread1" daemon [_thread_blocked, id=20739, stack(0x000000011bed0000,0x000000011bfd0000)]
  0x00007fa8b1802800 JavaThread "C2 CompilerThread0" daemon [_thread_blocked, id=20227, stack(0x000000011bdcd000,0x000000011becd000)]
  0x00007fa8b0816800 JavaThread "Signal Dispatcher" daemon [_thread_blocked, id=19715, stack(0x000000011bcca000,0x000000011bdca000)]
  0x00007fa8b2011000 JavaThread "Finalizer" daemon [_thread_blocked, id=14595, stack(0x000000011ba79000,0x000000011bb79000)]
  0x00007fa8b1801800 JavaThread "Reference Handler" daemon [_thread_blocked, id=14083, stack(0x000000011b976000,0x000000011ba76000)]
  0x00007fa8b2000000 JavaThread "main" [_thread_blocked, id=6403, stack(0x000000010f6dd000,0x000000010f7dd000)]

Other Threads:
  0x00007fa8b103f800 VMThread [stack: 0x000000011b873000,0x000000011b973000] [id=13571]
  0x00007fa8b08e4800 WatcherThread [stack: 0x000000011c681000,0x000000011c781000] [id=23555]

VM state:not at safepoint (normal execution)

VM Mutex/Monitor currently owned by a thread: None

Heap
 PSYoungGen      total 76800K, used 14533K [0x00000007d5500000, 0x00000007daa80000, 0x0000000800000000)
  eden space 66048K, 22% used [0x00000007d5500000,0x00000007d63314d8,0x00000007d9580000)
  from space 10752K, 0% used [0x00000007da000000,0x00000007da000000,0x00000007daa80000)
  to   space 10752K, 0% used [0x00000007d9580000,0x00000007d9580000,0x00000007da000000)
 ParOldGen       total 174592K, used 0K [0x0000000780000000, 0x000000078aa80000, 0x00000007d5500000)
  object space 174592K, 0% used [0x0000000780000000,0x0000000780000000,0x000000078aa80000)
 PSPermGen       total 21504K, used 8389K [0x000000077ae00000, 0x000000077c300000, 0x0000000780000000)
  object space 21504K, 39% used [0x000000077ae00000,0x000000077b631630,0x000000077c300000)

Card table byte_map: [0x0000000114343000,0x000000011476d000] byte_map_base: 0x000000011076c000

Polling page: 0x000000010f7ec000

Code Cache  [0x0000000111283000, 0x00000001114f3000, 0x0000000114283000)
 total_blobs=326 nmethods=40 adapters=241 free_code_cache=48622Kb largest_free_block=49772416

Compilation events (10 events):
Event: 0.265 Thread 0x00007fa8b202b000 nmethod 35 0x0000000111303490 code [0x00000001113035c0, 0x0000000111303618]
Event: 0.265 Thread 0x00007fa8b202b000   36             java.nio.charset.CharsetEncoder::implReset (1 bytes)
Event: 0.265 Thread 0x00007fa8b202b000 nmethod 36 0x0000000111303690 code [0x00000001113037c0, 0x0000000111303818]
Event: 0.265 Thread 0x00007fa8b202b000   37             java.util.zip.ZipFile::ensureOpen (37 bytes)
Event: 0.265 Thread 0x00007fa8b202b000 nmethod 37 0x00000001112fbd10 code [0x00000001112fbe60, 0x00000001112fbef8]
Event: 0.265 Thread 0x00007fa8b202b000   38             java.util.zip.ZipCoder::getBytes (192 bytes)
Event: 0.266 Thread 0x00007fa8b1802800 nmethod 32 0x0000000111307f90 code [0x00000001113082a0, 0x00000001113097b0]
Event: 0.266 Thread 0x00007fa8b1802800   39             java.util.zip.ZipCoder::encoder (35 bytes)
Event: 0.267 Thread 0x00007fa8b1802800 nmethod 39 0x00000001112fbad0 code [0x00000001112fbc00, 0x00000001112fbc98]
Event: 0.269 Thread 0x00007fa8b202b000 nmethod 38 0x0000000111300950 code [0x0000000111300b20, 0x0000000111301150]

GC Heap History (0 events):
No events

Deoptimization events (0 events):
No events

Internal exceptions (10 events):
Event: 0.266 Thread 0x00007fa8b2264000 Threw 0x00000007d622cd18 at /HUDSON/workspace/7u-2-build-macosx-x86_64/jdk7u51/527/hotspot/src/share/vm/prims/jvm.cpp:1244
Event: 0.267 Thread 0x00007fa8b2264000 Threw 0x00000007d6237b88 at /HUDSON/workspace/7u-2-build-macosx-x86_64/jdk7u51/527/hotspot/src/share/vm/prims/jvm.cpp:1244
Event: 0.268 Thread 0x00007fa8b2264000 Threw 0x00000007d625d538 at /HUDSON/workspace/7u-2-build-macosx-x86_64/jdk7u51/527/hotspot/src/share/vm/prims/jvm.cpp:1244
Event: 0.269 Thread 0x00007fa8b2264000 Threw 0x00000007d6266708 at /HUDSON/workspace/7u-2-build-macosx-x86_64/jdk7u51/527/hotspot/src/share/vm/prims/jvm.cpp:1244
Event: 0.269 Thread 0x00007fa8b2264000 Threw 0x00000007d6271b80 at /HUDSON/workspace/7u-2-build-macosx-x86_64/jdk7u51/527/hotspot/src/share/vm/prims/jvm.cpp:1244
Event: 0.270 Thread 0x00007fa8b2264000 Threw 0x00000007d627c0c8 at /HUDSON/workspace/7u-2-build-macosx-x86_64/jdk7u51/527/hotspot/src/share/vm/prims/jvm.cpp:1244
Event: 0.271 Thread 0x00007fa8b2264000 Threw 0x00000007d6287d10 at /HUDSON/workspace/7u-2-build-macosx-x86_64/jdk7u51/527/hotspot/src/share/vm/prims/jvm.cpp:1244
Event: 0.772 Thread 0x00007fa8b2264000 Threw 0x00000007d628ee68 at /HUDSON/workspace/7u-2-build-macosx-x86_64/jdk7u51/527/hotspot/src/share/vm/prims/jvm.cpp:1244
Event: 0.777 Thread 0x00007fa8b2264000 Threw 0x00000007d62b38b0 at /HUDSON/workspace/7u-2-build-macosx-x86_64/jdk7u51/527/hotspot/src/share/vm/prims/jvm.cpp:1244
Event: 0.778 Thread 0x00007fa8b2264000 Threw 0x00000007d62bbe20 at /HUDSON/workspace/7u-2-build-macosx-x86_64/jdk7u51/527/hotspot/src/share/vm/prims/jvm.cpp:1244

Events (10 events):
Event: 0.777 loading class 0x00007fa8b104ea70
Event: 0.777 loading class 0x00007fa8b20a99e0
Event: 0.777 loading class 0x00007fa8b20a9a10
Event: 0.777 loading class 0x00007fa8b20a9a10 done
Event: 0.777 loading class 0x00007fa8b20a99e0 done
Event: 0.777 loading class 0x00007fa8b104ea70 done
Event: 0.777 loading class 0x00007fa8b072ba80
Event: 0.777 loading class 0x00007fa8b072ba80 done
Event: 0.778 loading class 0x00007fa8b072bbd0
Event: 0.778 loading class 0x00007fa8b072bbd0 done


Dynamic libraries:
0x0000000000312000 	/System/Library/Frameworks/Cocoa.framework/Versions/A/Cocoa
0x0000000000312000 	/System/Library/Frameworks/Security.framework/Versions/A/Security
0x0000000000312000 	/System/Library/Frameworks/ApplicationServices.framework/Versions/A/ApplicationServices
0x0000000000312000 	/usr/lib/libz.1.dylib
0x0000000000312000 	/usr/lib/libSystem.B.dylib
0x0000000000312000 	/usr/lib/libobjc.A.dylib
0x0000000000312000 	/System/Library/Frameworks/CoreFoundation.framework/Versions/A/CoreFoundation
0x0000000000312000 	/System/Library/Frameworks/Foundation.framework/Versions/C/Foundation
0x0000000000312000 	/System/Library/Frameworks/AppKit.framework/Versions/C/AppKit
0x0000000000312000 	/System/Library/Frameworks/CoreData.framework/Versions/A/CoreData
0x0000000000312000 	/System/Library/PrivateFrameworks/RemoteViewServices.framework/Versions/A/RemoteViewServices
0x0000000000312000 	/System/Library/Frameworks/AudioToolbox.framework/Versions/A/AudioToolbox
0x0000000000312000 	/System/Library/Frameworks/AudioUnit.framework/Versions/A/AudioUnit
0x0000000000312000 	/System/Library/PrivateFrameworks/DataDetectorsCore.framework/Versions/A/DataDetectorsCore
0x0000000000312000 	/System/Library/PrivateFrameworks/DesktopServicesPriv.framework/Versions/A/DesktopServicesPriv
0x0000000000312000 	/System/Library/Frameworks/Carbon.framework/Versions/A/Frameworks/HIToolbox.framework/Versions/A/HIToolbox
0x0000000000312000 	/System/Library/Frameworks/QuartzCore.framework/Versions/A/QuartzCore
0x0000000000312000 	/System/Library/Frameworks/Carbon.framework/Versions/A/Frameworks/SpeechRecognition.framework/Versions/A/SpeechRecognition
0x0000000000312000 	/usr/lib/libauto.dylib
0x0000000000312000 	/usr/lib/libicucore.A.dylib
0x0000000000312000 	/usr/lib/libxml2.2.dylib
0x0000000000312000 	/System/Library/PrivateFrameworks/CoreUI.framework/Versions/A/CoreUI
0x0000000000312000 	/System/Library/Frameworks/CoreAudio.framework/Versions/A/CoreAudio
0x0000000000312000 	/System/Library/Frameworks/DiskArbitration.framework/Versions/A/DiskArbitration
0x0000000000312000 	/usr/lib/liblangid.dylib
0x0000000000312000 	/System/Library/PrivateFrameworks/MultitouchSupport.framework/Versions/A/MultitouchSupport
0x0000000000312000 	/System/Library/Frameworks/IOKit.framework/Versions/A/IOKit
0x0000000000312000 	/usr/lib/libDiagnosticMessagesClient.dylib
0x0000000000312000 	/System/Library/Frameworks/CoreServices.framework/Versions/A/CoreServices
0x0000000000312000 	/System/Library/PrivateFrameworks/PerformanceAnalysis.framework/Versions/A/PerformanceAnalysis
0x0000000000312000 	/System/Library/PrivateFrameworks/GenerationalStorage.framework/Versions/A/GenerationalStorage
0x0000000000312000 	/System/Library/Frameworks/OpenGL.framework/Versions/A/OpenGL
0x0000000000312000 	/System/Library/PrivateFrameworks/Sharing.framework/Versions/A/Sharing
0x0000000000312000 	/System/Library/Frameworks/ImageIO.framework/Versions/A/ImageIO
0x0000000000312000 	/System/Library/Frameworks/CoreText.framework/Versions/A/CoreText
0x0000000000312000 	/System/Library/Frameworks/CoreGraphics.framework/Versions/A/CoreGraphics
0x0000000000312000 	/System/Library/PrivateFrameworks/Backup.framework/Versions/A/Backup
0x0000000000312000 	/System/Library/Frameworks/CFNetwork.framework/Versions/A/CFNetwork
0x0000000000312000 	/System/Library/Frameworks/SystemConfiguration.framework/Versions/A/SystemConfiguration
0x0000000000312000 	/usr/lib/libCRFSuite.dylib
0x0000000000312000 	/usr/lib/libc++.1.dylib
0x0000000000312000 	/usr/lib/libc++abi.dylib
0x0000000000312000 	/usr/lib/system/libcache.dylib
0x0000000000312000 	/usr/lib/system/libcommonCrypto.dylib
0x0000000000312000 	/usr/lib/system/libcompiler_rt.dylib
0x0000000000312000 	/usr/lib/system/libcopyfile.dylib
0x0000000000312000 	/usr/lib/system/libcorecrypto.dylib
0x0000000000312000 	/usr/lib/system/libdispatch.dylib
0x0000000000312000 	/usr/lib/system/libdyld.dylib
0x0000000000312000 	/usr/lib/system/libkeymgr.dylib
0x0000000000312000 	/usr/lib/system/liblaunch.dylib
0x0000000000312000 	/usr/lib/system/libmacho.dylib
0x0000000000312000 	/usr/lib/system/libquarantine.dylib
0x0000000000312000 	/usr/lib/system/libremovefile.dylib
0x0000000000312000 	/usr/lib/system/libsystem_asl.dylib
0x0000000000312000 	/usr/lib/system/libsystem_blocks.dylib
0x0000000000312000 	/usr/lib/system/libsystem_c.dylib
0x0000000000312000 	/usr/lib/system/libsystem_configuration.dylib
0x0000000000312000 	/usr/lib/system/libsystem_dnssd.dylib
0x0000000000312000 	/usr/lib/system/libsystem_info.dylib
0x0000000000312000 	/usr/lib/system/libsystem_kernel.dylib
0x0000000000312000 	/usr/lib/system/libsystem_m.dylib
0x0000000000312000 	/usr/lib/system/libsystem_malloc.dylib
0x0000000000312000 	/usr/lib/system/libsystem_network.dylib
0x0000000000312000 	/usr/lib/system/libsystem_notify.dylib
0x0000000000312000 	/usr/lib/system/libsystem_platform.dylib
0x0000000000312000 	/usr/lib/system/libsystem_pthread.dylib
0x0000000000312000 	/usr/lib/system/libsystem_sandbox.dylib
0x0000000000312000 	/usr/lib/system/libsystem_stats.dylib
0x0000000000312000 	/usr/lib/system/libunc.dylib
0x0000000000312000 	/usr/lib/system/libunwind.dylib
0x0000000000312000 	/usr/lib/system/libxpc.dylib
0x0000000000312000 	/usr/lib/libbsm.0.dylib
0x0000000000312000 	/usr/lib/libsqlite3.dylib
0x0000000000312000 	/usr/lib/libxar.1.dylib
0x0000000000312000 	/usr/lib/libpam.2.dylib
0x0000000000312000 	/usr/lib/libOpenScriptingUtil.dylib
0x0000000000312000 	/usr/lib/libbz2.1.0.dylib
0x0000000000312000 	/System/Library/Frameworks/CoreServices.framework/Versions/A/Frameworks/CarbonCore.framework/Versions/A/CarbonCore
0x0000000000312000 	/System/Library/Frameworks/CoreServices.framework/Versions/A/Frameworks/Metadata.framework/Versions/A/Metadata
0x0000000000312000 	/System/Library/Frameworks/CoreServices.framework/Versions/A/Frameworks/OSServices.framework/Versions/A/OSServices
0x0000000000312000 	/System/Library/Frameworks/CoreServices.framework/Versions/A/Frameworks/SearchKit.framework/Versions/A/SearchKit
0x0000000000312000 	/System/Library/Frameworks/CoreServices.framework/Versions/A/Frameworks/AE.framework/Versions/A/AE
0x0000000000312000 	/System/Library/Frameworks/CoreServices.framework/Versions/A/Frameworks/LaunchServices.framework/Versions/A/LaunchServices
0x0000000000312000 	/System/Library/Frameworks/CoreServices.framework/Versions/A/Frameworks/DictionaryServices.framework/Versions/A/DictionaryServices
0x0000000000312000 	/System/Library/Frameworks/NetFS.framework/Versions/A/NetFS
0x0000000000312000 	/usr/lib/system/libkxld.dylib
0x0000000000312000 	/System/Library/PrivateFrameworks/NetAuth.framework/Versions/A/NetAuth
0x0000000000312000 	/System/Library/PrivateFrameworks/TCC.framework/Versions/A/TCC
0x0000000000312000 	/System/Library/Frameworks/OpenDirectory.framework/Versions/A/Frameworks/CFOpenDirectory.framework/Versions/A/CFOpenDirectory
0x0000000000312000 	/System/Library/Frameworks/ServiceManagement.framework/Versions/A/ServiceManagement
0x0000000000312000 	/usr/lib/libxslt.1.dylib
0x0000000000312000 	/System/Library/Frameworks/Carbon.framework/Versions/A/Frameworks/Ink.framework/Versions/A/Ink
0x0000000000312000 	/System/Library/Frameworks/ApplicationServices.framework/Versions/A/Frameworks/ATS.framework/Versions/A/ATS
0x0000000000312000 	/System/Library/Frameworks/ApplicationServices.framework/Versions/A/Frameworks/ColorSync.framework/Versions/A/ColorSync
0x0000000000312000 	/System/Library/Frameworks/ApplicationServices.framework/Versions/A/Frameworks/HIServices.framework/Versions/A/HIServices
0x0000000000312000 	/System/Library/Frameworks/ApplicationServices.framework/Versions/A/Frameworks/LangAnalysis.framework/Versions/A/LangAnalysis
0x0000000000312000 	/System/Library/Frameworks/ApplicationServices.framework/Versions/A/Frameworks/PrintCore.framework/Versions/A/PrintCore
0x0000000000312000 	/System/Library/Frameworks/ApplicationServices.framework/Versions/A/Frameworks/QD.framework/Versions/A/QD
0x0000000000312000 	/System/Library/Frameworks/ApplicationServices.framework/Versions/A/Frameworks/SpeechSynthesis.framework/Versions/A/SpeechSynthesis
0x0000000000312000 	/System/Library/Frameworks/IOSurface.framework/Versions/A/IOSurface
0x0000000000312000 	/System/Library/Frameworks/Accelerate.framework/Versions/A/Accelerate
0x0000000000312000 	/System/Library/Frameworks/Accelerate.framework/Versions/A/Frameworks/vImage.framework/Versions/A/vImage
0x0000000000312000 	/System/Library/Frameworks/Accelerate.framework/Versions/A/Frameworks/vecLib.framework/Versions/A/vecLib
0x0000000000312000 	/System/Library/Frameworks/Accelerate.framework/Versions/A/Frameworks/vecLib.framework/Versions/A/libvDSP.dylib
0x0000000000312000 	/System/Library/Frameworks/Accelerate.framework/Versions/A/Frameworks/vecLib.framework/Versions/A/libvMisc.dylib
0x0000000000312000 	/System/Library/Frameworks/Accelerate.framework/Versions/A/Frameworks/vecLib.framework/Versions/A/libLAPACK.dylib
0x0000000000312000 	/System/Library/Frameworks/Accelerate.framework/Versions/A/Frameworks/vecLib.framework/Versions/A/libBLAS.dylib
0x0000000000312000 	/System/Library/Frameworks/ApplicationServices.framework/Versions/A/Frameworks/ATS.framework/Versions/A/Resources/libFontParser.dylib
0x0000000000312000 	/System/Library/Frameworks/ApplicationServices.framework/Versions/A/Frameworks/ATS.framework/Versions/A/Resources/libFontRegistry.dylib
0x0000000000312000 	/System/Library/Frameworks/ImageIO.framework/Versions/A/Resources/libJPEG.dylib
0x0000000000312000 	/System/Library/Frameworks/ImageIO.framework/Versions/A/Resources/libTIFF.dylib
0x0000000000312000 	/System/Library/Frameworks/ImageIO.framework/Versions/A/Resources/libPng.dylib
0x0000000000312000 	/System/Library/Frameworks/ImageIO.framework/Versions/A/Resources/libGIF.dylib
0x0000000000312000 	/System/Library/Frameworks/ImageIO.framework/Versions/A/Resources/libJP2.dylib
0x0000000000312000 	/System/Library/Frameworks/ImageIO.framework/Versions/A/Resources/libRadiance.dylib
0x0000000000312000 	/usr/lib/libcups.2.dylib
0x0000000000312000 	/System/Library/Frameworks/Kerberos.framework/Versions/A/Kerberos
0x0000000000312000 	/System/Library/Frameworks/GSS.framework/Versions/A/GSS
0x0000000000312000 	/usr/lib/libresolv.9.dylib
0x0000000000312000 	/usr/lib/libiconv.2.dylib
0x0000000000312000 	/System/Library/PrivateFrameworks/Heimdal.framework/Versions/A/Heimdal
0x0000000000312000 	/System/Library/PrivateFrameworks/TrustEvaluationAgent.framework/Versions/A/TrustEvaluationAgent
0x0000000000312000 	/usr/lib/libheimdal-asn1.dylib
0x0000000000312000 	/System/Library/Frameworks/OpenDirectory.framework/Versions/A/OpenDirectory
0x0000000000312000 	/System/Library/PrivateFrameworks/CommonAuth.framework/Versions/A/CommonAuth
0x0000000000312000 	/System/Library/Frameworks/SecurityFoundation.framework/Versions/A/SecurityFoundation
0x0000000000312000 	/System/Library/PrivateFrameworks/Bom.framework/Versions/A/Bom
0x0000000000312000 	/System/Library/Frameworks/CoreVideo.framework/Versions/A/CoreVideo
0x0000000000312000 	/System/Library/Frameworks/QuartzCore.framework/Versions/A/Frameworks/CoreImage.framework/Versions/A/CoreImage
0x0000000000312000 	/System/Library/Frameworks/QuartzCore.framework/Versions/A/Frameworks/ScalableUserInterface.framework/Versions/A/ScalableUserInterface
0x0000000000312000 	/System/Library/Frameworks/OpenGL.framework/Versions/A/Libraries/libGLU.dylib
0x0000000000312000 	/System/Library/Frameworks/OpenGL.framework/Versions/A/Libraries/libGFXShared.dylib
0x0000000000312000 	/System/Library/Frameworks/OpenGL.framework/Versions/A/Libraries/libGL.dylib
0x0000000000312000 	/System/Library/Frameworks/OpenGL.framework/Versions/A/Libraries/libGLImage.dylib
0x0000000000312000 	/System/Library/Frameworks/OpenGL.framework/Versions/A/Libraries/libCVMSPluginSupport.dylib
0x0000000000312000 	/System/Library/Frameworks/OpenGL.framework/Versions/A/Libraries/libCoreVMClient.dylib
0x0000000000312000 	/System/Library/PrivateFrameworks/FaceCore.framework/Versions/A/FaceCore
0x0000000000312000 	/System/Library/PrivateFrameworks/CrashReporterSupport.framework/Versions/A/CrashReporterSupport
0x0000000000312000 	/System/Library/Frameworks/OpenCL.framework/Versions/A/OpenCL
0x0000000000312000 	/System/Library/PrivateFrameworks/AppleFSCompression.framework/Versions/A/AppleFSCompression
0x0000000000312000 	/System/Library/PrivateFrameworks/Ubiquity.framework/Versions/A/Ubiquity
0x0000000000312000 	/System/Library/PrivateFrameworks/IconServices.framework/Versions/A/IconServices
0x0000000000312000 	/System/Library/PrivateFrameworks/ChunkingLibrary.framework/Versions/A/ChunkingLibrary
0x0000000000312000 	/System/Library/PrivateFrameworks/CoreSymbolication.framework/Versions/A/CoreSymbolication
0x0000000000312000 	/System/Library/PrivateFrameworks/Symbolication.framework/Versions/A/Symbolication
0x0000000000312000 	/System/Library/PrivateFrameworks/DebugSymbols.framework/Versions/A/DebugSymbols
0x0000000110800000 	/Library/Java/JavaVirtualMachines/jdk1.7.0_51.jdk/Contents/Home/jre/lib/server/libjvm.dylib
0x0000000000312000 	/usr/lib/libstdc++.6.dylib
0x000000010f7df000 	/Library/Java/JavaVirtualMachines/jdk1.7.0_51.jdk/Contents/Home/jre/lib/libverify.dylib
0x0000000111253000 	/Library/Java/JavaVirtualMachines/jdk1.7.0_51.jdk/Contents/Home/jre/lib/libjava.dylib
0x000000010f7f6000 	/Library/Java/JavaVirtualMachines/jdk1.7.0_51.jdk/Contents/Home/jre/lib/libzip.dylib
0x000000011bb7b000 	/System/Library/Frameworks/JavaVM.framework/Frameworks/JavaRuntimeSupport.framework/JavaRuntimeSupport
0x000000011bb93000 	/System/Library/Frameworks/JavaVM.framework/Versions/A/Frameworks/JavaNativeFoundation.framework/Versions/A/JavaNativeFoundation
0x000000011bba8000 	/System/Library/Frameworks/JavaVM.framework/Versions/A/JavaVM
0x0000000000312000 	/System/Library/Frameworks/Carbon.framework/Versions/A/Carbon
0x000000011bbb5000 	/System/Library/PrivateFrameworks/JavaLaunching.framework/Versions/A/JavaLaunching
0x0000000000312000 	/System/Library/Frameworks/Carbon.framework/Versions/A/Frameworks/CommonPanels.framework/Versions/A/CommonPanels
0x0000000000312000 	/System/Library/Frameworks/Carbon.framework/Versions/A/Frameworks/Help.framework/Versions/A/Help
0x0000000000312000 	/System/Library/Frameworks/Carbon.framework/Versions/A/Frameworks/ImageCapture.framework/Versions/A/ImageCapture
0x0000000000312000 	/System/Library/Frameworks/Carbon.framework/Versions/A/Frameworks/OpenScripting.framework/Versions/A/OpenScripting
0x0000000000312000 	/System/Library/Frameworks/Carbon.framework/Versions/A/Frameworks/Print.framework/Versions/A/Print
0x0000000000312000 	/System/Library/Frameworks/Carbon.framework/Versions/A/Frameworks/SecurityHI.framework/Versions/A/SecurityHI
0x000000011c0d5000 	/Library/Java/JavaVirtualMachines/jdk1.7.0_51.jdk/Contents/Home/jre/lib/libnet.dylib
0x000000011c132000 	/Library/Java/JavaVirtualMachines/jdk1.7.0_51.jdk/Contents/Home/jre/lib/libmanagement.dylib
0x000000011c13a000 	/Library/Java/JavaVirtualMachines/jdk1.7.0_51.jdk/Contents/Home/jre/lib/libnio.dylib
0x000000011c7ee000 	/Users/eivind/src/mergework/voldemort/lib/libsigar-universal64-macosx.dylib

VM Arguments:
jvm_args: -Dlog4j.configuration=file:///Users/eivind/src/mergework/voldemort/src/java/log4j.properties -Xmx2G -Dcom.sun.management.jmxremote 
java_command: voldemort.headmaster.sigar.SigarAgent
Launcher Type: SUN_STANDARD

Environment Variables:
JAVA_HOME=/Library/Java/JavaVirtualMachines/jdk1.7.0_51.jdk/Contents/Home
PATH=/usr/texbin:~/bin:/usr/local/bin:/usr/local/sbin:/usr/bin:/bin:/usr/sbin:/sbin:/usr/local/bin:/opt/X11/bin:/usr/texbin
SHELL=/bin/bash
DISPLAY=/tmp/launch-5Q3hnp/org.macosforge.xquartz:0

Signal Handlers:
SIGSEGV: [libjvm.dylib+0x525425], sa_mask[0]=0xfffefeff, sa_flags=0x00000043
SIGBUS: [libjvm.dylib+0x525425], sa_mask[0]=0xfffefeff, sa_flags=0x00000042
SIGFPE: [libjvm.dylib+0x41892a], sa_mask[0]=0xfffefeff, sa_flags=0x00000042
SIGPIPE: [libjvm.dylib+0x41892a], sa_mask[0]=0xfffefeff, sa_flags=0x00000042
SIGXFSZ: [libjvm.dylib+0x41892a], sa_mask[0]=0xfffefeff, sa_flags=0x00000042
SIGILL: [libjvm.dylib+0x41892a], sa_mask[0]=0xfffefeff, sa_flags=0x00000042
SIGUSR1: SIG_DFL, sa_mask[0]=0x00000000, sa_flags=0x00000002
SIGUSR2: [libjvm.dylib+0x41841c], sa_mask[0]=0x00000000, sa_flags=0x00000042
SIGHUP: [libjvm.dylib+0x4166ab], sa_mask[0]=0xfffefeff, sa_flags=0x00000042
SIGINT: [libjvm.dylib+0x4166ab], sa_mask[0]=0xfffefeff, sa_flags=0x00000042
SIGTERM: [libjvm.dylib+0x4166ab], sa_mask[0]=0xfffefeff, sa_flags=0x00000042
SIGQUIT: [libjvm.dylib+0x4166ab], sa_mask[0]=0xfffefeff, sa_flags=0x00000042


---------------  S Y S T E M  ---------------

OS:Bsduname:Darwin 13.1.0 Darwin Kernel Version 13.1.0: Wed Apr  2 23:52:02 PDT 2014; root:xnu-2422.92.1~2/RELEASE_X86_64 x86_64
rlimit: STACK 8192k, CORE 0k, NPROC 709, NOFILE 10240, AS infinity
load average:2.14 1.80 1.82

CPU:total 8 (4 cores per cpu, 2 threads per core) family 6 model 60 stepping 3, cmov, cx8, fxsr, mmx, sse, sse2, sse3, ssse3, sse4.1, sse4.2, popcnt, avx, avx2, aes, erms, ht, tsc, tscinvbit

Memory: 4k page, physical 16777216k(4194304k free)

/proc/meminfo:


vm_info: Java HotSpot(TM) 64-Bit Server VM (24.51-b03) for bsd-amd64 JRE (1.7.0_51-b13), built on Dec 18 2013 18:45:56 by "java_re" with gcc 4.2.1 (Based on Apple Inc. build 5658) (LLVM build 2336.11.00)

time: Sun May 18 14:27:01 2014
elapsed time: 0 seconds

