[13:53:40,828 org.apache.zookeeper.ZooKeeper] INFO Client environment:zookeeper.version=3.4.5-1392090, built on 09/30/2012 17:52 GMT  [main]
[13:53:40,828 org.apache.zookeeper.ZooKeeper] INFO Client environment:host.name=192.168.0.101  [main]
[13:53:40,828 org.apache.zookeeper.ZooKeeper] INFO Client environment:java.version=1.7.0_51  [main]
[13:53:40,828 org.apache.zookeeper.ZooKeeper] INFO Client environment:java.vendor=Oracle Corporation  [main]
[13:53:40,828 org.apache.zookeeper.ZooKeeper] INFO Client environment:java.home=/Library/Java/JavaVirtualMachines/jdk1.7.0_51.jdk/Contents/Home/jre  [main]
[13:53:40,829 org.apache.zookeeper.ZooKeeper] INFO Client environment:java.class.path=:/Users/eivind/src/mergework/voldemort/lib/autoscale-1.0.1-SNAPSHOT.jar:/Users/eivind/src/mergework/voldemort/lib/autoscale-agent-1.0.1-SNAPSHOT.jar:/Users/eivind/src/mergework/voldemort/lib/autoscale-common-1.0.1-SNAPSHOT.jar:/Users/eivind/src/mergework/voldemort/lib/avro-1.4.0.jar:/Users/eivind/src/mergework/voldemort/lib/azkaban-common-0.05.jar:/Users/eivind/src/mergework/voldemort/lib/catalina-ant.jar:/Users/eivind/src/mergework/voldemort/lib/colt-1.2.0.jar:/Users/eivind/src/mergework/voldemort/lib/commons-codec-1.4.jar:/Users/eivind/src/mergework/voldemort/lib/commons-collections-3.2.1.jar:/Users/eivind/src/mergework/voldemort/lib/commons-dbcp-1.2.2.jar:/Users/eivind/src/mergework/voldemort/lib/commons-io-1.4.jar:/Users/eivind/src/mergework/voldemort/lib/commons-lang-2.4.jar:/Users/eivind/src/mergework/voldemort/lib/commons-logging-1.1.1.jar:/Users/eivind/src/mergework/voldemort/lib/commons-pool-1.5.2.jar:/Users/eivind/src/mergework/voldemort/lib/compress-lzf-0.9.1.jar:/Users/eivind/src/mergework/voldemort/lib/gson-2.2.4.jar:/Users/eivind/src/mergework/voldemort/lib/guava-14.0.1.jar:/Users/eivind/src/mergework/voldemort/lib/hadoop-auth-2.0.5-alpha.jar:/Users/eivind/src/mergework/voldemort/lib/httpclient-4.1.2.jar:/Users/eivind/src/mergework/voldemort/lib/httpcore-4.1.2.jar:/Users/eivind/src/mergework/voldemort/lib/jackson-core-asl-1.4.0.jar:/Users/eivind/src/mergework/voldemort/lib/jackson-mapper-asl-1.4.0.jar:/Users/eivind/src/mergework/voldemort/lib/jdom-1.1.jar:/Users/eivind/src/mergework/voldemort/lib/je-5.0.88.jar:/Users/eivind/src/mergework/voldemort/lib/jetty-6.1.18.jar:/Users/eivind/src/mergework/voldemort/lib/jetty-util-6.1.18.jar:/Users/eivind/src/mergework/voldemort/lib/jline-0.9.94.jar:/Users/eivind/src/mergework/voldemort/lib/jna.jar:/Users/eivind/src/mergework/voldemort/lib/joda-time-1.6.jar:/Users/eivind/src/mergework/voldemort/lib/jopt-simple-4.6.jar:/Users/eivind/src/mergework/voldemort/lib/junit-4.6.jar:/Users/eivind/src/mergework/voldemort/lib/libthrift-0.5.0.jar:/Users/eivind/src/mergework/voldemort/lib/log4j-1.2.15.jar:/Users/eivind/src/mergework/voldemort/lib/mail-1.4.1.jar:/Users/eivind/src/mergework/voldemort/lib/mockito-all-1.8.5.jar:/Users/eivind/src/mergework/voldemort/lib/netty-3.5.8.Final.jar:/Users/eivind/src/mergework/voldemort/lib/paranamer-2.1.jar:/Users/eivind/src/mergework/voldemort/lib/protobuf-java-2.3.0.jar:/Users/eivind/src/mergework/voldemort/lib/scala-compiler-2.10.jar:/Users/eivind/src/mergework/voldemort/lib/scala-library-2.10.jar:/Users/eivind/src/mergework/voldemort/lib/scala-reflect-2.10.jar:/Users/eivind/src/mergework/voldemort/lib/servlet-api-2.5.jar:/Users/eivind/src/mergework/voldemort/lib/sigar.jar:/Users/eivind/src/mergework/voldemort/lib/slf4j-api-1.6.1.jar:/Users/eivind/src/mergework/voldemort/lib/slf4j-log4j12-1.6.1.jar:/Users/eivind/src/mergework/voldemort/lib/snappy-0.2.jar:/Users/eivind/src/mergework/voldemort/lib/tusk-0.0.2.jar:/Users/eivind/src/mergework/voldemort/lib/velocity-1.6.2.jar:/Users/eivind/src/mergework/voldemort/lib/xercesImpl-2.9.1.jar:/Users/eivind/src/mergework/voldemort/lib/zookeeper-3.4.5-javadoc.jar:/Users/eivind/src/mergework/voldemort/lib/zookeeper-3.4.5-sources.jar:/Users/eivind/src/mergework/voldemort/lib/zookeeper-3.4.5.jar:/Users/eivind/src/mergework/voldemort/contrib/ec2-testing/lib/httpclient-4.0.1.jar:/Users/eivind/src/mergework/voldemort/contrib/ec2-testing/lib/httpcore-4.0.1.jar:/Users/eivind/src/mergework/voldemort/contrib/ec2-testing/lib/typica.jar:/Users/eivind/src/mergework/voldemort/contrib/hadoop-store-builder/lib/commons-cli-2.0-SNAPSHOT.jar:/Users/eivind/src/mergework/voldemort/contrib/hadoop-store-builder/lib/commons-configuration-1.6.jar:/Users/eivind/src/mergework/voldemort/contrib/hadoop-store-builder/lib/hadoop-core-1.0.4-p2.jar:/Users/eivind/src/mergework/voldemort/contrib/krati/lib/krati-0.3.6.jar:/Users/eivind/src/mergework/voldemort/contrib/restclient/lib/data-1.5.10.jar:/Users/eivind/src/mergework/voldemort/contrib/restclient/lib/pegasus-common-1.5.10.jar:/Users/eivind/src/mergework/voldemort/contrib/restclient/lib/r2-1.5.10.jar:/Users/eivind/src/mergework/voldemort/dist/voldemort-1.8.2-src.jar:/Users/eivind/src/mergework/voldemort/dist/voldemort-1.8.2.jar:/Users/eivind/src/mergework/voldemort/dist/voldemort-contrib-1.8.2.jar:/Users/eivind/src/mergework/voldemort/dist/voldemort-test-1.8.2.jar:/Users/eivind/src/mergework/voldemort/dist/resources  [main]
[13:53:40,829 org.apache.zookeeper.ZooKeeper] INFO Client environment:java.library.path=/Users/eivind/Library/Java/Extensions:/Library/Java/Extensions:/Network/Library/Java/Extensions:/System/Library/Java/Extensions:/usr/lib/java:.  [main]
[13:53:40,829 org.apache.zookeeper.ZooKeeper] INFO Client environment:java.io.tmpdir=/var/folders/bg/nhsvk2352pgdrjr3h432p8140000gn/T/  [main]
[13:53:40,829 org.apache.zookeeper.ZooKeeper] INFO Client environment:java.compiler=<NA>  [main]
[13:53:40,829 org.apache.zookeeper.ZooKeeper] INFO Client environment:os.name=Mac OS X  [main]
[13:53:40,829 org.apache.zookeeper.ZooKeeper] INFO Client environment:os.arch=x86_64  [main]
[13:53:40,829 org.apache.zookeeper.ZooKeeper] INFO Client environment:os.version=10.9.2  [main]
[13:53:40,829 org.apache.zookeeper.ZooKeeper] INFO Client environment:user.name=eivind  [main]
[13:53:40,829 org.apache.zookeeper.ZooKeeper] INFO Client environment:user.home=/Users/eivind  [main]
[13:53:40,829 org.apache.zookeeper.ZooKeeper] INFO Client environment:user.dir=/Users/eivind/src/mergework/voldemort  [main]
[13:53:40,830 org.apache.zookeeper.ZooKeeper] INFO Initiating client connection, connectString=voldemort1.idi.ntnu.no:2181/hjemmekontor sessionTimeout=20000 watcher=voldemort.headmaster.ActiveNodeZKListener@61bedd7d  [main]
[13:53:40,848 org.apache.zookeeper.ClientCnxn] INFO Opening socket connection to server voldemort1.idi.ntnu.no/129.241.106.221:2181. Will not attempt to authenticate using SASL (unknown error)  [main-SendThread(voldemort1.idi.ntnu.no:2181)]
[13:53:40,848 voldemort.headmaster.sigar.SigarReceiver] DEBUG running ok  [main]
[13:53:40,850 voldemort.headmaster.sigar.SigarReceiver] INFO Starting SigarReceiver on port: 17777  [Thread-1]
[13:53:40,853 org.apache.zookeeper.ClientCnxn] INFO Socket connection established to voldemort1.idi.ntnu.no/129.241.106.221:2181, initiating session  [main-SendThread(voldemort1.idi.ntnu.no:2181)]
[13:53:40,864 org.apache.zookeeper.ClientCnxnSocket] WARN Connected to an old server; r-o mode will be unavailable  [main-SendThread(voldemort1.idi.ntnu.no:2181)]
[13:53:40,865 org.apache.zookeeper.ClientCnxn] INFO Session establishment complete on server voldemort1.idi.ntnu.no/129.241.106.221:2181, sessionid = 0x1449c0c82c2068a, negotiated timeout = 20000  [main-SendThread(voldemort1.idi.ntnu.no:2181)]
[13:53:40,866 voldemort.headmaster.ActiveNodeZKListener] DEBUG WatchEvent: WatchedEvent state:SyncConnected type:None path:null  [main-EventThread]
[13:53:40,867 voldemort.headmaster.Headmaster] INFO got message that ZK session expiry is OVER.  [main-EventThread]
[13:53:40,879 voldemort.headmaster.Headmaster] DEBUG Registered as Headmaster in zookeeper :headmaster_0000000264  [main-EventThread]
[13:53:40,882 voldemort.headmaster.Headmaster] DEBUG I AM HEADMASTER  [main-EventThread]
[13:53:41,103 voldemort.headmaster.Headmaster] DEBUG Start children changed  [main-EventThread]
[13:53:41,105 voldemort.headmaster.Headmaster] INFO /active members: 192.168.0.239  [main-EventThread]
[13:53:51,231 voldemort.client.AbstractStoreClientFactory] WARN Failed to bootstrap from tcp://192.168.0.236:6667  [pool-1-thread-1]
voldemort.VoldemortException: voldemort.store.UnreachableStoreException: Failure while checking out socket for 192.168.0.236:6667(vp1): 
	at voldemort.client.SocketStoreClientFactory.getRemoteMetadata(SocketStoreClientFactory.java:105)
	at voldemort.client.AbstractStoreClientFactory.bootstrapMetadata(AbstractStoreClientFactory.java:548)
	at voldemort.client.AbstractStoreClientFactory.bootstrapMetadataWithRetries(AbstractStoreClientFactory.java:517)
	at voldemort.client.protocol.admin.AdminClient$HelperOperations.getClusterFromBootstrapURL(AdminClient.java:382)
	at voldemort.client.protocol.admin.AdminClient$HelperOperations.access$100(AdminClient.java:338)
	at voldemort.client.protocol.admin.AdminClient.<init>(AdminClient.java:233)
	at voldemort.tools.AdminToolZK.repairJob(AdminToolZK.java:41)
	at voldemort.headmaster.status.StatusAnalyser$RepairJobRunner.run(StatusAnalyser.java:176)
	at java.util.concurrent.Executors$RunnableAdapter.call(Executors.java:471)
	at java.util.concurrent.FutureTask.runAndReset(FutureTask.java:304)
	at java.util.concurrent.ScheduledThreadPoolExecutor$ScheduledFutureTask.access$301(ScheduledThreadPoolExecutor.java:178)
	at java.util.concurrent.ScheduledThreadPoolExecutor$ScheduledFutureTask.run(ScheduledThreadPoolExecutor.java:293)
	at java.util.concurrent.ThreadPoolExecutor.runWorker(ThreadPoolExecutor.java:1145)
	at java.util.concurrent.ThreadPoolExecutor$Worker.run(ThreadPoolExecutor.java:615)
	at java.lang.Thread.run(Thread.java:744)
Caused by: voldemort.store.UnreachableStoreException: Failure while checking out socket for 192.168.0.236:6667(vp1): 
	at voldemort.store.socket.clientrequest.ClientRequestExecutorPool.checkout(ClientRequestExecutorPool.java:199)
	at voldemort.store.socket.SocketStore.request(SocketStore.java:279)
	at voldemort.store.socket.SocketStore.get(SocketStore.java:201)
	at voldemort.store.socket.SocketStore.get(SocketStore.java:63)
	at voldemort.store.serialized.SerializingStore.get(SerializingStore.java:107)
	at voldemort.client.AbstractStoreClientFactory.getRemoteMetadata(AbstractStoreClientFactory.java:567)
	at voldemort.client.SocketStoreClientFactory.getRemoteMetadata(SocketStoreClientFactory.java:97)
	... 14 more
Caused by: java.net.ConnectException: Connection refused
	at sun.nio.ch.SocketChannelImpl.checkConnect(Native Method)
	at sun.nio.ch.SocketChannelImpl.finishConnect(SocketChannelImpl.java:739)
	at voldemort.store.socket.clientrequest.ClientRequestExecutorFactory.create(ClientRequestExecutorFactory.java:143)
	at voldemort.store.socket.clientrequest.ClientRequestExecutorFactory.create(ClientRequestExecutorFactory.java:50)
	at voldemort.utils.pool.KeyedResourcePool$Pool.attemptGrow(KeyedResourcePool.java:446)
	at voldemort.utils.pool.KeyedResourcePool.attemptNonBlockingCheckout(KeyedResourcePool.java:168)
	at voldemort.utils.pool.KeyedResourcePool.checkout(KeyedResourcePool.java:132)
	at voldemort.store.socket.clientrequest.ClientRequestExecutorPool.checkout(ClientRequestExecutorPool.java:190)
	... 20 more
[13:53:51,232 voldemort.client.AbstractStoreClientFactory] WARN Failed to bootstrap store  [pool-1-thread-1]
[13:53:51,232 voldemort.client.AbstractStoreClientFactory] WARN Will try to bootstrap will try again after 5 seconds.  [pool-1-thread-1]
[13:53:56,235 voldemort.client.AbstractStoreClientFactory] WARN Failed to bootstrap from tcp://192.168.0.236:6667  [pool-1-thread-1]
voldemort.VoldemortException: voldemort.store.UnreachableStoreException: Failure while checking out socket for 192.168.0.236:6667(vp1): 
	at voldemort.client.SocketStoreClientFactory.getRemoteMetadata(SocketStoreClientFactory.java:105)
	at voldemort.client.AbstractStoreClientFactory.bootstrapMetadata(AbstractStoreClientFactory.java:548)
	at voldemort.client.AbstractStoreClientFactory.bootstrapMetadataWithRetries(AbstractStoreClientFactory.java:517)
	at voldemort.client.protocol.admin.AdminClient$HelperOperations.getClusterFromBootstrapURL(AdminClient.java:382)
	at voldemort.client.protocol.admin.AdminClient$HelperOperations.access$100(AdminClient.java:338)
	at voldemort.client.protocol.admin.AdminClient.<init>(AdminClient.java:233)
	at voldemort.tools.AdminToolZK.repairJob(AdminToolZK.java:41)
	at voldemort.headmaster.status.StatusAnalyser$RepairJobRunner.run(StatusAnalyser.java:176)
	at java.util.concurrent.Executors$RunnableAdapter.call(Executors.java:471)
	at java.util.concurrent.FutureTask.runAndReset(FutureTask.java:304)
	at java.util.concurrent.ScheduledThreadPoolExecutor$ScheduledFutureTask.access$301(ScheduledThreadPoolExecutor.java:178)
	at java.util.concurrent.ScheduledThreadPoolExecutor$ScheduledFutureTask.run(ScheduledThreadPoolExecutor.java:293)
	at java.util.concurrent.ThreadPoolExecutor.runWorker(ThreadPoolExecutor.java:1145)
	at java.util.concurrent.ThreadPoolExecutor$Worker.run(ThreadPoolExecutor.java:615)
	at java.lang.Thread.run(Thread.java:744)
Caused by: voldemort.store.UnreachableStoreException: Failure while checking out socket for 192.168.0.236:6667(vp1): 
	at voldemort.store.socket.clientrequest.ClientRequestExecutorPool.checkout(ClientRequestExecutorPool.java:199)
	at voldemort.store.socket.SocketStore.request(SocketStore.java:279)
	at voldemort.store.socket.SocketStore.get(SocketStore.java:201)
	at voldemort.store.socket.SocketStore.get(SocketStore.java:63)
	at voldemort.store.serialized.SerializingStore.get(SerializingStore.java:107)
	at voldemort.client.AbstractStoreClientFactory.getRemoteMetadata(AbstractStoreClientFactory.java:567)
	at voldemort.client.SocketStoreClientFactory.getRemoteMetadata(SocketStoreClientFactory.java:97)
	... 14 more
Caused by: java.net.ConnectException: Connection refused
	at sun.nio.ch.SocketChannelImpl.checkConnect(Native Method)
	at sun.nio.ch.SocketChannelImpl.finishConnect(SocketChannelImpl.java:739)
	at voldemort.store.socket.clientrequest.ClientRequestExecutorFactory.create(ClientRequestExecutorFactory.java:143)
	at voldemort.store.socket.clientrequest.ClientRequestExecutorFactory.create(ClientRequestExecutorFactory.java:50)
	at voldemort.utils.pool.KeyedResourcePool$Pool.attemptGrow(KeyedResourcePool.java:446)
	at voldemort.utils.pool.KeyedResourcePool.attemptNonBlockingCheckout(KeyedResourcePool.java:168)
	at voldemort.utils.pool.KeyedResourcePool.checkout(KeyedResourcePool.java:132)
	at voldemort.store.socket.clientrequest.ClientRequestExecutorPool.checkout(ClientRequestExecutorPool.java:190)
	... 20 more
[13:53:56,236 voldemort.client.AbstractStoreClientFactory] WARN Failed to bootstrap store  [pool-1-thread-1]
